<?xml version="1.0" encoding="UTF-8"?>
<!-- Generated by org.testng.reporters.JUnitXMLReporter -->
<testsuite hostname="LAPTOP-5EBJP773" name="Test" tests="12" failures="10" timestamp="21 Dec 2017 09:53:40 GMT" time="3.49" errors="0">
  <testcase name="Launch" time="0.009" classname="com.dimensionData.pom.testcases.RegisteredUserFlow">
    <skipped/>
  </testcase> <!-- Launch -->
  <testcase name="signIn" time="0.021" classname="com.dimensionData.pom.testcases.RegisteredUserFlow">
    <failure type="java.lang.NullPointerException">
        <![CDATA[java.lang.NullPointerException
	at org.openqa.selenium.support.pagefactory.DefaultElementLocator.findElement(DefaultElementLocator.java:69)
	at org.openqa.selenium.support.pagefactory.internal.LocatingElementHandler.invoke(LocatingElementHandler.java:38)
	at com.sun.proxy.$Proxy6.click(Unknown Source)
	at com.dimensionData.pom.pages.TescoLoginPage.doLogin(TescoLoginPage.java:34)
	at com.dimensionData.pom.testcases.RegisteredUserFlow.signIn(RegisteredUserFlow.java:82)
... Removed 23 stack frames]]>
    </failure>
  </testcase> <!-- signIn -->
  <testcase name="addItem" time="0.006" classname="com.dimensionData.pom.testcases.RegisteredUserFlow">
    <failure type="java.lang.NullPointerException">
        <![CDATA[java.lang.NullPointerException
	at org.openqa.selenium.support.pagefactory.DefaultElementLocator.findElement(DefaultElementLocator.java:69)
	at org.openqa.selenium.support.pagefactory.internal.LocatingElementHandler.invoke(LocatingElementHandler.java:38)
	at com.sun.proxy.$Proxy6.click(Unknown Source)
	at com.dimensionData.pom.pages.TescoAddToCartLandingPage.addgroceris(TescoAddToCartLandingPage.java:114)
	at com.dimensionData.pom.testcases.RegisteredUserFlow.addItem(RegisteredUserFlow.java:134)
... Removed 23 stack frames]]>
    </failure>
  </testcase> <!-- addItem -->
  <testcase name="incrementAndDecrementItems" time="0.002" classname="com.dimensionData.pom.testcases.RegisteredUserFlow">
    <failure type="java.lang.NullPointerException">
        <![CDATA[java.lang.NullPointerException
	at com.dimensionData.pom.pages.TescoLaunchPage.gotoHomePage(TescoLaunchPage.java:30)
	at com.dimensionData.pom.testcases.RegisteredUserFlow.incrementAndDecrementItems(RegisteredUserFlow.java:168)
... Removed 23 stack frames]]>
    </failure>
  </testcase> <!-- incrementAndDecrementItems -->
  <testcase name="bookSlot" time="0.0" classname="com.dimensionData.pom.testcases.RegisteredUserFlow">
    <failure type="java.lang.NullPointerException">
        <![CDATA[java.lang.NullPointerException
	at com.dimensionData.pom.pages.TescoLaunchPage.gotoHomePage(TescoLaunchPage.java:30)
	at com.dimensionData.pom.testcases.RegisteredUserFlow.bookSlot(RegisteredUserFlow.java:204)
... Removed 23 stack frames]]>
    </failure>
  </testcase> <!-- bookSlot -->
  <testcase name="changeSlot" time="0.001" classname="com.dimensionData.pom.testcases.RegisteredUserFlow">
    <failure type="java.lang.NullPointerException">
        <![CDATA[java.lang.NullPointerException
	at com.dimensionData.pom.pages.TescoLaunchPage.gotoHomePage(TescoLaunchPage.java:30)
	at com.dimensionData.pom.testcases.RegisteredUserFlow.changeSlot(RegisteredUserFlow.java:241)
... Removed 23 stack frames]]>
    </failure>
  </testcase> <!-- changeSlot -->
  <testcase name="reviewBasketAndValidateGuidePrice" time="3.028" classname="com.dimensionData.pom.testcases.RegisteredUserFlow">
    <failure type="java.lang.NullPointerException">
        <![CDATA[java.lang.NullPointerException
	at com.dimensionData.pom.pages.TescoEmptyBasket.clickEmptybasket(TescoEmptyBasket.java:58)
	at com.dimensionData.pom.testcases.RegisteredUserFlow.reviewBasketAndValidateGuidePrice(RegisteredUserFlow.java:339)
... Removed 23 stack frames]]>
    </failure>
  </testcase> <!-- reviewBasketAndValidateGuidePrice -->
  <testcase name="changeDeliveryAddress" time="0.001" classname="com.dimensionData.pom.testcases.RegisteredUserFlow">
    <failure type="java.lang.NullPointerException">
        <![CDATA[java.lang.NullPointerException
	at com.dimensionData.pom.pages.TescoLaunchPage.gotoHomePage(TescoLaunchPage.java:30)
	at com.dimensionData.pom.testcases.RegisteredUserFlow.changeDeliveryAddress(RegisteredUserFlow.java:358)
... Removed 23 stack frames]]>
    </failure>
  </testcase> <!-- changeDeliveryAddress -->
  <testcase name="Launch" time="0.0" classname="com.dimensionData.pom.testcases.GuestUserFlow">
    <skipped/>
  </testcase> <!-- Launch -->
  <testcase name="registeration" time="0.002" classname="com.dimensionData.pom.testcases.GuestUserFlow">
    <failure type="java.lang.NullPointerException">
        <![CDATA[java.lang.NullPointerException
	at com.dimensionData.pom.pages.LaunchPage.gotoHomePage(LaunchPage.java:28)
	at com.dimensionData.pom.testcases.GuestUserFlow.registeration(GuestUserFlow.java:54)
... Removed 23 stack frames]]>
    </failure>
  </testcase> <!-- registeration -->
  <testcase name="productSearch" time="0.001" classname="com.dimensionData.pom.testcases.GuestUserFlow">
    <failure type="java.lang.NullPointerException">
        <![CDATA[java.lang.NullPointerException
	at com.dimensionData.pom.pages.LaunchPage.gotoHomePage(LaunchPage.java:28)
	at com.dimensionData.pom.testcases.GuestUserFlow.productSearch(GuestUserFlow.java:107)
... Removed 23 stack frames]]>
    </failure>
  </testcase> <!-- productSearch -->
  <testcase name="browseProducts" time="0.001" classname="com.dimensionData.pom.testcases.GuestUserFlow">
    <failure type="java.lang.NullPointerException">
        <![CDATA[java.lang.NullPointerException
	at com.dimensionData.pom.pages.LaunchPage.gotoHomePage(LaunchPage.java:28)
	at com.dimensionData.pom.testcases.GuestUserFlow.browseProducts(GuestUserFlow.java:134)
... Removed 23 stack frames]]>
    </failure>
  </testcase> <!-- browseProducts -->
</testsuite> <!-- Test -->
